<?xml version="1.0" encoding="UTF-8"?>
<testsuite name="com.practice.spring.aws.web.IndexControllerTest" tests="1" skipped="0" failures="0" errors="0" timestamp="2021-07-23T09:42:13" hostname="DESKTOP-MSQTFH4" time="0.231">
  <properties/>
  <testcase name="메인페이지_로딩" classname="com.practice.spring.aws.web.IndexControllerTest" time="0.231"/>
  <system-out><![CDATA[2021-07-23 18:42:11.498  INFO 12220 --- [    Test worker] .b.t.c.SpringBootTestContextBootstrapper : Neither @ContextConfiguration nor @ContextHierarchy found for test class [com.practice.spring.aws.web.IndexControllerTest], using SpringBootContextLoader
2021-07-23 18:42:11.498  INFO 12220 --- [    Test worker] o.s.t.c.support.AbstractContextLoader    : Could not detect default resource locations for test class [com.practice.spring.aws.web.IndexControllerTest]: no resource found for suffixes {-context.xml, Context.groovy}.
2021-07-23 18:42:11.498  INFO 12220 --- [    Test worker] t.c.s.AnnotationConfigContextLoaderUtils : Could not detect default configuration classes for test class [com.practice.spring.aws.web.IndexControllerTest]: IndexControllerTest does not declare any static, non-private, non-final, nested classes annotated with @Configuration.
2021-07-23 18:42:11.514  INFO 12220 --- [    Test worker] .b.t.c.SpringBootTestContextBootstrapper : Found @SpringBootConfiguration com.practice.spring.aws.Application for test class com.practice.spring.aws.web.IndexControllerTest
2021-07-23 18:42:11.514  INFO 12220 --- [    Test worker] .b.t.c.SpringBootTestContextBootstrapper : Loaded default TestExecutionListener class names from location [META-INF/spring.factories]: [org.springframework.security.test.context.support.WithSecurityContextTestExecutionListener, org.springframework.security.test.context.support.ReactorContextTestExecutionListener, org.springframework.boot.test.autoconfigure.restdocs.RestDocsTestExecutionListener, org.springframework.boot.test.autoconfigure.web.client.MockRestServiceServerResetTestExecutionListener, org.springframework.boot.test.autoconfigure.web.servlet.MockMvcPrintOnlyOnFailureTestExecutionListener, org.springframework.boot.test.autoconfigure.web.servlet.WebDriverTestExecutionListener, org.springframework.boot.test.mock.mockito.MockitoTestExecutionListener, org.springframework.boot.test.mock.mockito.ResetMocksTestExecutionListener, org.springframework.test.context.web.ServletTestExecutionListener, org.springframework.test.context.support.DirtiesContextBeforeModesTestExecutionListener, org.springframework.test.context.support.DependencyInjectionTestExecutionListener, org.springframework.test.context.support.DirtiesContextTestExecutionListener, org.springframework.test.context.transaction.TransactionalTestExecutionListener, org.springframework.test.context.jdbc.SqlScriptsTestExecutionListener]
2021-07-23 18:42:11.514  INFO 12220 --- [    Test worker] .b.t.c.SpringBootTestContextBootstrapper : Using TestExecutionListeners: [org.springframework.test.context.web.ServletTestExecutionListener@8271c00, org.springframework.test.context.support.DirtiesContextBeforeModesTestExecutionListener@4e490b22, org.springframework.boot.test.mock.mockito.MockitoTestExecutionListener@82760b1, org.springframework.boot.test.autoconfigure.SpringBootDependencyInjectionTestExecutionListener@74be9bdf, org.springframework.test.context.support.DirtiesContextTestExecutionListener@44c94e54, org.springframework.test.context.transaction.TransactionalTestExecutionListener@42df5df4, org.springframework.test.context.jdbc.SqlScriptsTestExecutionListener@71ce8ff6, org.springframework.security.test.context.support.WithSecurityContextTestExecutionListener@712e9273, org.springframework.security.test.context.support.ReactorContextTestExecutionListener@7f1bc9ec, org.springframework.boot.test.autoconfigure.restdocs.RestDocsTestExecutionListener@47131b06, org.springframework.boot.test.autoconfigure.web.client.MockRestServiceServerResetTestExecutionListener@42278d2d, org.springframework.boot.test.autoconfigure.web.servlet.MockMvcPrintOnlyOnFailureTestExecutionListener@479f3210, org.springframework.boot.test.autoconfigure.web.servlet.WebDriverTestExecutionListener@66eac7a6, org.springframework.boot.test.mock.mockito.ResetMocksTestExecutionListener@397e2b56]

  .   ____          _            __ _ _
 /\\ / ___'_ __ _ _(_)_ __  __ _ \ \ \ \
( ( )\___ | '_ | '_| | '_ \/ _` | \ \ \ \
 \\/  ___)| |_)| | | | | || (_| |  ) ) ) )
  '  |____| .__|_| |_|_| |_\__, | / / / /
 =========|_|==============|___/=/_/_/_/
 :: Spring Boot ::        (v2.1.7.RELEASE)

2021-07-23 18:42:11.558  INFO 12220 --- [    Test worker] c.p.spring.aws.web.IndexControllerTest   : Starting IndexControllerTest on DESKTOP-MSQTFH4 with PID 12220 (started by rlacksgus in C:\Users\rlacksgus\Desktop\springboot_aws)
2021-07-23 18:42:11.558  INFO 12220 --- [    Test worker] c.p.spring.aws.web.IndexControllerTest   : No active profile set, falling back to default profiles: default
2021-07-23 18:42:11.792  INFO 12220 --- [    Test worker] .s.d.r.c.RepositoryConfigurationDelegate : Bootstrapping Spring Data repositories in DEFAULT mode.
2021-07-23 18:42:11.826  INFO 12220 --- [    Test worker] .s.d.r.c.RepositoryConfigurationDelegate : Finished Spring Data repository scanning in 34ms. Found 2 repository interfaces.
2021-07-23 18:42:11.904  INFO 12220 --- [    Test worker] trationDelegate$BeanPostProcessorChecker : Bean 'org.springframework.transaction.annotation.ProxyTransactionManagementConfiguration' of type [org.springframework.transaction.annotation.ProxyTransactionManagementConfiguration$$EnhancerBySpringCGLIB$$34ebd5b7] is not eligible for getting processed by all BeanPostProcessors (for example: not eligible for auto-proxying)
2021-07-23 18:42:12.140  INFO 12220 --- [    Test worker] o.s.b.w.embedded.tomcat.TomcatWebServer  : Tomcat initialized with port(s): 0 (http)
2021-07-23 18:42:12.173  INFO 12220 --- [    Test worker] o.apache.catalina.core.StandardService   : Starting service [Tomcat]
2021-07-23 18:42:12.173  INFO 12220 --- [    Test worker] org.apache.catalina.core.StandardEngine  : Starting Servlet engine: [Apache Tomcat/9.0.22]
2021-07-23 18:42:12.355  INFO 12220 --- [    Test worker] o.a.c.c.C.[Tomcat].[localhost].[/]       : Initializing Spring embedded WebApplicationContext
2021-07-23 18:42:12.355  INFO 12220 --- [    Test worker] o.s.web.context.ContextLoader            : Root WebApplicationContext: initialization completed in 797 ms
2021-07-23 18:42:12.513  INFO 12220 --- [    Test worker] com.zaxxer.hikari.HikariDataSource       : HikariPool-2 - Starting...
2021-07-23 18:42:12.529  INFO 12220 --- [    Test worker] com.zaxxer.hikari.HikariDataSource       : HikariPool-2 - Start completed.
2021-07-23 18:42:12.560  INFO 12220 --- [    Test worker] o.hibernate.jpa.internal.util.LogHelper  : HHH000204: Processing PersistenceUnitInfo [
	name: default
	...]
2021-07-23 18:42:12.560  INFO 12220 --- [    Test worker] org.hibernate.dialect.Dialect            : HHH000400: Using dialect: org.hibernate.dialect.MySQL5Dialect
Hibernate: drop table if exists posts
Hibernate: drop table if exists user
Hibernate: create table posts (id bigint not null auto_increment, created_date datetime, modified_date datetime, author varchar(255), content TEXT not null, title varchar(500) not null, primary key (id)) engine=MyISAM
Hibernate: create table user (id bigint not null auto_increment, created_date datetime, modified_date datetime, email varchar(255) not null, name varchar(255) not null, picture varchar(255), role varchar(255) not null, primary key (id)) engine=MyISAM
2021-07-23 18:42:12.617  INFO 12220 --- [    Test worker] o.h.t.schema.internal.SchemaCreatorImpl  : HHH000476: Executing import script 'org.hibernate.tool.schema.internal.exec.ScriptSourceInputNonExistentImpl@5469e95c'
2021-07-23 18:42:12.617  INFO 12220 --- [    Test worker] j.LocalContainerEntityManagerFactoryBean : Initialized JPA EntityManagerFactory for persistence unit 'default'
2021-07-23 18:42:12.899  INFO 12220 --- [    Test worker] o.h.h.i.QueryTranslatorFactoryInitiator  : HHH000397: Using ASTQueryTranslatorFactory
2021-07-23 18:42:13.039  INFO 12220 --- [    Test worker] o.s.s.web.DefaultSecurityFilterChain     : Creating filter chain: any request, [org.springframework.security.web.context.request.async.WebAsyncManagerIntegrationFilter@5fb794, org.springframework.security.web.context.SecurityContextPersistenceFilter@5b23f88a, org.springframework.security.web.header.HeaderWriterFilter@7a973e9f, org.springframework.security.web.authentication.logout.LogoutFilter@3e7ddeb4, org.springframework.security.oauth2.client.web.OAuth2AuthorizationRequestRedirectFilter@508654f9, org.springframework.security.oauth2.client.web.OAuth2LoginAuthenticationFilter@2038c188, org.springframework.security.web.authentication.ui.DefaultLoginPageGeneratingFilter@7ade9ecd, org.springframework.security.web.authentication.ui.DefaultLogoutPageGeneratingFilter@7897b37e, org.springframework.security.web.savedrequest.RequestCacheAwareFilter@15f0d3fe, org.springframework.security.web.servletapi.SecurityContextHolderAwareRequestFilter@56d06419, org.springframework.security.web.authentication.AnonymousAuthenticationFilter@1ad41109, org.springframework.security.web.session.SessionManagementFilter@2db0224c, org.springframework.security.web.access.ExceptionTranslationFilter@6cb4552d, org.springframework.security.web.access.intercept.FilterSecurityInterceptor@6cd28c45]
2021-07-23 18:42:13.199  INFO 12220 --- [    Test worker] o.s.s.concurrent.ThreadPoolTaskExecutor  : Initializing ExecutorService 'applicationTaskExecutor'
2021-07-23 18:42:13.214  WARN 12220 --- [    Test worker] aWebConfiguration$JpaWebMvcConfiguration : spring.jpa.open-in-view is enabled by default. Therefore, database queries may be performed during view rendering. Explicitly configure spring.jpa.open-in-view to disable this warning
2021-07-23 18:42:13.230  INFO 12220 --- [    Test worker] o.s.b.a.w.s.WelcomePageHandlerMapping    : Adding welcome page template: index
2021-07-23 18:42:13.466  INFO 12220 --- [    Test worker] s.a.ScheduledAnnotationBeanPostProcessor : No TaskScheduler/ScheduledExecutorService bean found for scheduled processing
2021-07-23 18:42:13.481  INFO 12220 --- [    Test worker] o.s.b.w.embedded.tomcat.TomcatWebServer  : Tomcat started on port(s): 11247 (http) with context path ''
2021-07-23 18:42:13.481  INFO 12220 --- [    Test worker] c.p.spring.aws.web.IndexControllerTest   : Started IndexControllerTest in 1.967 seconds (JVM running for 10.005)
2021-07-23 18:42:13.610  INFO 12220 --- [o-auto-1-exec-2] o.a.c.c.C.[Tomcat].[localhost].[/]       : Initializing Spring DispatcherServlet 'dispatcherServlet'
2021-07-23 18:42:13.610  INFO 12220 --- [o-auto-1-exec-2] o.s.web.servlet.DispatcherServlet        : Initializing Servlet 'dispatcherServlet'
2021-07-23 18:42:13.625  INFO 12220 --- [o-auto-1-exec-2] o.s.web.servlet.DispatcherServlet        : Completed initialization in 15 ms
Hibernate: select posts0_.id as id1_0_, posts0_.created_date as created_2_0_, posts0_.modified_date as modified3_0_, posts0_.author as author4_0_, posts0_.content as content5_0_, posts0_.title as title6_0_ from posts posts0_ order by posts0_.id DESC
]]></system-out>
  <system-err><![CDATA[]]></system-err>
</testsuite>
